-------------------------------------------------------------------------------
Test set: test.endtoend.composer.ComposerEndToEndTest
-------------------------------------------------------------------------------
Tests run: 2, Failures: 0, Errors: 1, Skipped: 0, Time elapsed: 5.576 sec <<< FAILURE! - in test.endtoend.composer.ComposerEndToEndTest
composerTranslatesSingleTopicAndSentenceandDeploys()  Time elapsed: 5.355 sec  <<< ERROR!
java.io.EOFException: End of input
	at test.endtoend.composer.ComposerEndToEndTest.composerTranslatesSingleTopicAndSentenceandDeploys(ComposerEndToEndTest.java:34)

