<?xml version="1.0" encoding="UTF-8"?>
<testsuite xmlns:xsi="http://www.w3.org/2001/XMLSchema-instance" xsi:schemaLocation="https://maven.apache.org/surefire/maven-surefire-plugin/xsd/surefire-test-report.xsd" name="test.endtoend.composer.ComposerEndToEndTest" time="30.654" tests="2" errors="0" skipped="0" failures="2">
  <properties>
[...]
</properties>
  <testcase name="composerTranslatesSingleTopicAndSentenceandDeploys" classname="test.endtoend.composer.ComposerEndToEndTest" time="29.105">
    <failure message="&#10;Tried to find:&#10;    exactly 1 JTable ()&#10;    in exactly 1 JFrame (with name &quot;Chatty Bot Composer&quot; and showing on screen)&#10;    in all top level windows&#10;and check that it is with cell with text &quot;Active&quot;&#10;but:&#10;    all top level windows&#10;    contained 1 JFrame (with name &quot;Chatty Bot Composer&quot; and showing on screen)&#10;    contained 0 JTable ()" type="java.lang.AssertionError">java.lang.AssertionError: 

Tried to find:
    exactly 1 JTable ()
    in exactly 1 JFrame (with name "Chatty Bot Composer" and showing on screen)
    in all top level windows
and check that it is with cell with text "Active"
but:
    all top level windows
    contained 1 JFrame (with name "Chatty Bot Composer" and showing on screen)
    contained 0 JTable ()
	at test.endtoend.composer.ComposerEndToEndTest.composerTranslatesSingleTopicAndSentenceandDeploys(ComposerEndToEndTest.java:36)
</failure>
  </testcase>
  <testcase name="composerReportsFailedTranslationForInvalidConversationMessage" classname="test.endtoend.composer.ComposerEndToEndTest" time="0.972">
    <failure message="&#10;Tried to find:&#10;    exactly 1 JLabel (with name &quot;composer status&quot;)&#10;    in exactly 1 JFrame (with name &quot;Chatty Bot Composer&quot; and showing on screen)&#10;    in all top level windows&#10;and check that its label text is &quot;Invalid Conversation&quot;&#10;but:&#10;    all top level windows&#10;    contained 1 JFrame (with name &quot;Chatty Bot Composer&quot; and showing on screen)&#10;    contained 1 JLabel (with name &quot;composer status&quot;)&#10;    label text was &quot;Connected&quot;" type="java.lang.AssertionError">java.lang.AssertionError: 

Tried to find:
    exactly 1 JLabel (with name "composer status")
    in exactly 1 JFrame (with name "Chatty Bot Composer" and showing on screen)
    in all top level windows
and check that its label text is "Invalid Conversation"
but:
    all top level windows
    contained 1 JFrame (with name "Chatty Bot Composer" and showing on screen)
    contained 1 JLabel (with name "composer status")
    label text was "Connected"
	at test.endtoend.composer.ComposerEndToEndTest.composerReportsFailedTranslationForInvalidConversationMessage(ComposerEndToEndTest.java:24)
</failure>
  </testcase>
</testsuite>